This is XeTeX, Version 3.1415926-2.2-0.9995.2 (TeX Live 2009/Debian) (format=xelatex 2013.3.20)  20 MAR 2013 23:17
entering extended mode
 %&-line parsing enabled.
**Flask.tex
(./Flask.tex
LaTeX2e <2009/09/24>
Babel <v3.8l> and hyphenation patterns for english, usenglishmax, dumylang, noh
yphenation, loaded.
(./sphinxmanual.cls
Document Class: sphinxmanual 2009/06/02 Document class (Sphinx manual)
(/usr/share/texmf-texlive/tex/latex/base/report.cls
Document Class: report 2007/10/19 v1.4h Standard LaTeX document class
(/usr/share/texmf-texlive/tex/latex/base/size12.clo
File: size12.clo 2007/10/19 v1.4h Standard LaTeX file (size option)
)
\c@part=\count80
\c@chapter=\count81
\c@section=\count82
\c@subsection=\count83
\c@subsubsection=\count84
\c@paragraph=\count85
\c@subparagraph=\count86
\c@figure=\count87
\c@table=\count88
\abovecaptionskip=\skip41
\belowcaptionskip=\skip42
\bibindent=\dimen102
))
(/usr/share/texmf-texlive/tex/latex/psnfss/mathpazo.sty
Package: mathpazo 2005/04/12 PSNFSS-v9.2a Palatino w/ Pazo Math (D.Puga, WaS) 
\symupright=\mathgroup4
) (./fncychap.sty
Package: fncychap 2007/07/30 v1.34 LaTeX package (Revised chapters)
\RW=\skip43
\mylen=\skip44
\myhi=\skip45
\px=\skip46
\py=\skip47
\pyy=\skip48
\pxx=\skip49
)
(/usr/share/texmf-texlive/tex/latex/tools/longtable.sty
Package: longtable 2004/02/01 v4.11 Multi-page Table package (DPC)
\LTleft=\skip50
\LTright=\skip51
\LTpre=\skip52
\LTpost=\skip53
\LTchunksize=\count89
\LTcapwidth=\dimen103
\LT@head=\box26
\LT@firsthead=\box27
\LT@foot=\box28
\LT@lastfoot=\box29
\LT@cols=\count90
\LT@rows=\count91
\c@LT@tables=\count92
\c@LT@chunks=\count93
\LT@p@ftn=\toks14
) (./sphinx.sty
Package: sphinx 2010/01/15 LaTeX package (Sphinx markup)

(/usr/share/texmf-texlive/tex/latex/base/textcomp.sty
Package: textcomp 2005/09/27 v1.99g Standard LaTeX package
Package textcomp Info: Sub-encoding information:
(textcomp)               5 = only ISO-Adobe without \textcurrency
(textcomp)               4 = 5 + \texteuro
(textcomp)               3 = 4 + \textohm
(textcomp)               2 = 3 + \textestimated + \textcurrency
(textcomp)               1 = TS1 - \textcircled - \t
(textcomp)               0 = TS1 (full)
(textcomp)             Font families with sub-encoding setting implement
(textcomp)             only a restricted character set as indicated.
(textcomp)             Family '?' is the default used for unknown fonts.
(textcomp)             See the documentation for details.
Package textcomp Info: Setting ? sub-encoding to TS1/1 on input line 71.

(/usr/share/texmf-texlive/tex/latex/base/ts1enc.def
File: ts1enc.def 2001/06/05 v3.0e (jk/car/fm) Standard LaTeX file
)
LaTeX Info: Redefining \oldstylenums on input line 266.
Package textcomp Info: Setting cmr sub-encoding to TS1/0 on input line 281.
Package textcomp Info: Setting cmss sub-encoding to TS1/0 on input line 282.
Package textcomp Info: Setting cmtt sub-encoding to TS1/0 on input line 283.
Package textcomp Info: Setting cmvtt sub-encoding to TS1/0 on input line 284.
Package textcomp Info: Setting cmbr sub-encoding to TS1/0 on input line 285.
Package textcomp Info: Setting cmtl sub-encoding to TS1/0 on input line 286.
Package textcomp Info: Setting ccr sub-encoding to TS1/0 on input line 287.
Package textcomp Info: Setting ptm sub-encoding to TS1/4 on input line 288.
Package textcomp Info: Setting pcr sub-encoding to TS1/4 on input line 289.
Package textcomp Info: Setting phv sub-encoding to TS1/4 on input line 290.
Package textcomp Info: Setting ppl sub-encoding to TS1/3 on input line 291.
Package textcomp Info: Setting pag sub-encoding to TS1/4 on input line 292.
Package textcomp Info: Setting pbk sub-encoding to TS1/4 on input line 293.
Package textcomp Info: Setting pnc sub-encoding to TS1/4 on input line 294.
Package textcomp Info: Setting pzc sub-encoding to TS1/4 on input line 295.
Package textcomp Info: Setting bch sub-encoding to TS1/4 on input line 296.
Package textcomp Info: Setting put sub-encoding to TS1/5 on input line 297.
Package textcomp Info: Setting uag sub-encoding to TS1/5 on input line 298.
Package textcomp Info: Setting ugq sub-encoding to TS1/5 on input line 299.
Package textcomp Info: Setting ul8 sub-encoding to TS1/4 on input line 300.
Package textcomp Info: Setting ul9 sub-encoding to TS1/4 on input line 301.
Package textcomp Info: Setting augie sub-encoding to TS1/5 on input line 302.
Package textcomp Info: Setting dayrom sub-encoding to TS1/3 on input line 303.
Package textcomp Info: Setting dayroms sub-encoding to TS1/3 on input line 304.

Package textcomp Info: Setting pxr sub-encoding to TS1/0 on input line 305.
Package textcomp Info: Setting pxss sub-encoding to TS1/0 on input line 306.
Package textcomp Info: Setting pxtt sub-encoding to TS1/0 on input line 307.
Package textcomp Info: Setting txr sub-encoding to TS1/0 on input line 308.
Package textcomp Info: Setting txss sub-encoding to TS1/0 on input line 309.
Package textcomp Info: Setting txtt sub-encoding to TS1/0 on input line 310.
Package textcomp Info: Setting futs sub-encoding to TS1/4 on input line 311.
Package textcomp Info: Setting futx sub-encoding to TS1/4 on input line 312.
Package textcomp Info: Setting futj sub-encoding to TS1/4 on input line 313.
Package textcomp Info: Setting hlh sub-encoding to TS1/3 on input line 314.
Package textcomp Info: Setting hls sub-encoding to TS1/3 on input line 315.
Package textcomp Info: Setting hlst sub-encoding to TS1/3 on input line 316.
Package textcomp Info: Setting hlct sub-encoding to TS1/5 on input line 317.
Package textcomp Info: Setting hlx sub-encoding to TS1/5 on input line 318.
Package textcomp Info: Setting hlce sub-encoding to TS1/5 on input line 319.
Package textcomp Info: Setting hlcn sub-encoding to TS1/5 on input line 320.
Package textcomp Info: Setting hlcw sub-encoding to TS1/5 on input line 321.
Package textcomp Info: Setting hlcf sub-encoding to TS1/5 on input line 322.
Package textcomp Info: Setting pplx sub-encoding to TS1/3 on input line 323.
Package textcomp Info: Setting pplj sub-encoding to TS1/3 on input line 324.
Package textcomp Info: Setting ptmx sub-encoding to TS1/4 on input line 325.
Package textcomp Info: Setting ptmj sub-encoding to TS1/4 on input line 326.
)
(/usr/share/texmf-texlive/tex/latex/fancyhdr/fancyhdr.sty
\fancy@headwidth=\skip54
\f@ncyO@elh=\skip55
\f@ncyO@erh=\skip56
\f@ncyO@olh=\skip57
\f@ncyO@orh=\skip58
\f@ncyO@elf=\skip59
\f@ncyO@erf=\skip60
\f@ncyO@olf=\skip61
\f@ncyO@orf=\skip62
)
(/usr/share/texmf-texlive/tex/latex/fancybox/fancybox.sty
Package: fancybox 2000/09/19 1.3

Style option: `fancybox' v1.3 <2000/09/19> (tvz)
\@fancybox=\box30
\shadowsize=\dimen104
\@Sbox=\box31
\do@VerbBox=\toks15
\the@fancyput=\toks16
\this@fancyput=\toks17
\EndVerbatimTokens=\toks18
\Verbatim@Outfile=\write3
\Verbatim@Infile=\read1
) (/usr/share/texmf-texlive/tex/latex/titlesec/titlesec.sty
Package: titlesec 2007/08/12 v2.8 Sectioning titles
\ttl@box=\box32
\beforetitleunit=\skip63
\aftertitleunit=\skip64
\ttl@plus=\dimen105
\ttl@minus=\dimen106
\ttl@toksa=\toks19
\titlewidth=\dimen107
\titlewidthlast=\dimen108
\titlewidthfirst=\dimen109
) (./tabulary.sty
Package: tabulary 2007/10/02 v0.9 tabulary package (DPC)

(/usr/share/texmf-texlive/tex/latex/tools/array.sty
Package: array 2008/09/09 v2.4c Tabular extension package (FMi)
\col@sep=\dimen110
\extrarowheight=\dimen111
\NC@list=\toks20
\extratabsurround=\skip65
\backup@length=\skip66
)
\TY@count=\count94
\TY@linewidth=\dimen112
\tymin=\dimen113
\tymax=\dimen114
\TY@tablewidth=\dimen115
)
(/usr/share/texmf-texlive/tex/latex/amsmath/amsmath.sty
Package: amsmath 2000/07/18 v2.13 AMS math features
\@mathmargin=\skip67

For additional information on amsmath, use the `?' option.
(/usr/share/texmf-texlive/tex/latex/amsmath/amstext.sty
Package: amstext 2000/06/29 v2.01

(/usr/share/texmf-texlive/tex/latex/amsmath/amsgen.sty
File: amsgen.sty 1999/11/30 v2.0
\@emptytoks=\toks21
\ex@=\dimen116
))
(/usr/share/texmf-texlive/tex/latex/amsmath/amsbsy.sty
Package: amsbsy 1999/11/29 v1.2d
\pmbraise@=\dimen117
)
(/usr/share/texmf-texlive/tex/latex/amsmath/amsopn.sty
Package: amsopn 1999/12/14 v2.01 operator names
)
\inf@bad=\count95
LaTeX Info: Redefining \frac on input line 211.
\uproot@=\count96
\leftroot@=\count97
LaTeX Info: Redefining \overline on input line 307.
\classnum@=\count98
\DOTSCASE@=\count99
LaTeX Info: Redefining \ldots on input line 379.
LaTeX Info: Redefining \dots on input line 382.
LaTeX Info: Redefining \cdots on input line 467.
\Mathstrutbox@=\box33
\strutbox@=\box34
\big@size=\dimen118
LaTeX Font Info:    Redeclaring font encoding OML on input line 567.
LaTeX Font Info:    Redeclaring font encoding OMS on input line 568.
\macc@depth=\count100
\c@MaxMatrixCols=\count101
\dotsspace@=\muskip10
\c@parentequation=\count102
\dspbrk@lvl=\count103
\tag@help=\toks22
\row@=\count104
\column@=\count105
\maxfields@=\count106
\andhelp@=\toks23
\eqnshift@=\dimen119
\alignsep@=\dimen120
\tagshift@=\dimen121
\tagwidth@=\dimen122
\totwidth@=\dimen123
\lineht@=\dimen124
\@envbody=\toks24
\multlinegap=\skip68
\multlinetaggap=\skip69
\mathdisplay@stack=\toks25
LaTeX Info: Redefining \[ on input line 2666.
LaTeX Info: Redefining \] on input line 2667.
)
(/usr/share/texmf-texlive/tex/latex/base/makeidx.sty
Package: makeidx 2000/03/29 v1.0m Standard LaTeX package
)
(/usr/share/texmf-texlive/tex/latex/ltxmisc/framed.sty
Package: framed 2007/10/04 v 0.95: framed or shaded text with page breaks
\fb@frw=\dimen125
\fb@frh=\dimen126
\FrameRule=\dimen127
\FrameSep=\dimen128
)
(/usr/share/texmf-texlive/tex/latex/base/ifthen.sty
Package: ifthen 2001/05/26 v1.1c Standard LaTeX ifthen package (DPC)
)
(/usr/share/texmf-texlive/tex/latex/graphics/color.sty
Package: color 2005/11/14 v1.0j Standard LaTeX Color (DPC)

(/etc/texmf/tex/latex/config/color.cfg
File: color.cfg 2007/01/18 v1.5 color configuration of teTeX/TeXLive
)
Package color Info: Driver file: xetex.def on input line 130.

(/usr/share/texmf-texlive/tex/xelatex/xetex-def/xetex.def
File: xetex.def 2009/11/22 v0.94 LaTeX color/graphics driver for XeTeX (RRM/JK)

))
(/usr/share/texmf-texlive/tex/latex/fancyvrb/fancyvrb.sty
Package: fancyvrb 2008/02/07

Style option: `fancyvrb' v2.7a, with DG/SPQR fixes, and firstline=lastline fix 
<2008/02/07> (tvz) (/usr/share/texmf-texlive/tex/latex/graphics/keyval.sty
Package: keyval 1999/03/16 v1.13 key=value parser (DPC)
\KV@toks@=\toks26
)
\FV@CodeLineNo=\count107
\FV@InFile=\read2
\FV@TabBox=\box35
\c@FancyVerbLine=\count108
\FV@StepNumber=\count109
\FV@OutFile=\write4
)
(/usr/share/texmf-texlive/tex/latex/ltxmisc/threeparttable.sty
Package: threeparttable 2003/06/13  v 3.0
\@tempboxb=\box36
)
(/usr/share/texmf-texlive/tex/latex/mdwtools/footnote.sty
Package: footnote 1997/01/28 1.13 Save footnotes around boxes
\fn@notes=\box37
\fn@width=\dimen129
)
(/usr/share/texmf-texlive/tex/latex/wrapfig/wrapfig.sty
\wrapoverhang=\dimen130
\WF@size=\dimen131
\c@WF@wrappedlines=\count110
\WF@box=\box38
\WF@everypar=\toks27
Package: wrapfig 2003/01/31  v 3.6
)
(/usr/share/texmf-texlive/tex/latex/ltxmisc/parskip.sty
Package: parskip 2001/04/09 non-zero parskip adjustments
)
(/usr/share/texmf-texlive/tex/latex/graphics/graphicx.sty
Package: graphicx 1999/02/16 v1.0f Enhanced LaTeX Graphics (DPC,SPQR)

(/usr/share/texmf-texlive/tex/latex/graphics/graphics.sty
Package: graphics 2009/02/05 v1.0o Standard LaTeX Graphics (DPC,SPQR)

(/usr/share/texmf-texlive/tex/latex/graphics/trig.sty
Package: trig 1999/03/16 v1.09 sin cos tan (DPC)
)
(/etc/texmf/tex/latex/config/graphics.cfg
File: graphics.cfg 2009/08/28 v1.8 graphics configuration of TeX Live
)
Package graphics Info: Driver file: xetex.def on input line 91.
)
\Gin@req@height=\dimen132
\Gin@req@width=\dimen133
)
\distancetoright=\skip70
\py@argswidth=\skip71
\py@noticelength=\skip72
\lineblockindentation=\skip73
\image@box=\box39
\image@width=\dimen134

(/usr/share/texmf-texlive/tex/latex/hyperref/hyperref.sty
Package: hyperref 2009/10/09 v6.79a Hypertext links for LaTeX

(/usr/share/texmf-texlive/tex/generic/oberdiek/ifpdf.sty
Package: ifpdf 2009/04/10 v2.0 Provides the ifpdf switch (HO)
Package ifpdf Info: pdfTeX in pdf mode not detected.
)
(/usr/share/texmf-texlive/tex/generic/oberdiek/ifvtex.sty
Package: ifvtex 2008/11/04 v1.4 Switches for detecting VTeX and its modes (HO)
Package ifvtex Info: VTeX not detected.
)
(/usr/share/texmf-texlive/tex/generic/ifxetex/ifxetex.sty
Package: ifxetex 2009/01/23 v0.5 Provides ifxetex conditional
)
(/usr/share/texmf-texlive/tex/latex/oberdiek/hycolor.sty
Package: hycolor 2009/10/02 v1.5 Code for color options of hyperref/bookmark (H
O)

(/usr/share/texmf-texlive/tex/latex/oberdiek/xcolor-patch.sty
Package: xcolor-patch 2009/10/02 xcolor patch
))
\@linkdim=\dimen135
\Hy@linkcounter=\count111
\Hy@pagecounter=\count112

(/usr/share/texmf-texlive/tex/latex/hyperref/pd1enc.def
File: pd1enc.def 2009/10/09 v6.79a Hyperref: PDFDocEncoding definition (HO)
)
(/usr/share/texmf-texlive/tex/generic/oberdiek/etexcmds.sty
Package: etexcmds 2007/12/12 v1.2 Prefix for e-TeX command names (HO)

(/usr/share/texmf-texlive/tex/generic/oberdiek/infwarerr.sty
Package: infwarerr 2007/09/09 v1.2 Providing info/warning/message (HO)
)
Package etexcmds Info: Could not find \expanded.
(etexcmds)             That can mean that you are not using pdfTeX 1.50 or
(etexcmds)             that some package has redefined \expanded.
(etexcmds)             In the latter case, load this package earlier.
)
(/usr/share/texmf-texlive/tex/xelatex/xetexconfig/hyperref.cfg
File: hyperref.cfg 2008/07/11 v1.2 hyperref configuration for XeLaTeX
)
(/usr/share/texmf-texlive/tex/latex/oberdiek/kvoptions.sty
Package: kvoptions 2009/08/13 v3.4 Keyval support for LaTeX options (HO)

(/usr/share/texmf-texlive/tex/generic/oberdiek/kvsetkeys.sty
Package: kvsetkeys 2009/07/30 v1.5 Key value parser with default handler suppor
t (HO)
))
Package hyperref Info: Option `colorlinks' set `true' on input line 2864.
Package hyperref Info: Option `breaklinks' set `true' on input line 2864.
Package hyperref Info: Hyper figures OFF on input line 2975.
Package hyperref Info: Link nesting OFF on input line 2980.
Package hyperref Info: Hyper index ON on input line 2983.
Package hyperref Info: Plain pages OFF on input line 2990.
Package hyperref Info: Backreferencing OFF on input line 2995.

Implicit mode ON; LaTeX internals redefined
Package hyperref Info: Bookmarks ON on input line 3191.
(/usr/share/texmf-texlive/tex/latex/ltxmisc/url.sty
\Urlmuskip=\muskip11
Package: url 2006/04/12  ver 3.3  Verb mode for urls, etc.
)
LaTeX Info: Redefining \url on input line 3428.

(/usr/share/texmf-texlive/tex/generic/oberdiek/bitset.sty
Package: bitset 2007/09/28 v1.0 Data type bit set (HO)

(/usr/share/texmf-texlive/tex/generic/oberdiek/intcalc.sty
Package: intcalc 2007/09/27 v1.1 Expandable integer calculations (HO)
)
(/usr/share/texmf-texlive/tex/generic/oberdiek/bigintcalc.sty
Package: bigintcalc 2007/11/11 v1.1 Expandable big integer calculations (HO)

(/usr/share/texmf-texlive/tex/generic/oberdiek/pdftexcmds.sty
Package: pdftexcmds 2009/09/23 v0.6 LuaTeX support for pdfTeX utility functions
 (HO)

(/usr/share/texmf-texlive/tex/generic/oberdiek/ifluatex.sty
Package: ifluatex 2009/04/17 v1.2 Provides the ifluatex switch (HO)
Package ifluatex Info: LuaTeX not detected.
)
(/usr/share/texmf-texlive/tex/generic/oberdiek/ltxcmds.sty
Package: ltxcmds 2009/08/05 v1.0 Some LaTeX kernel commands for general use (HO
)
)
Package pdftexcmds Info: LuaTeX not detected.
Package pdftexcmds Info: pdfTeX >= 1.30 not detected.
Package pdftexcmds Info: \pdf@primitive is available.
Package pdftexcmds Info: \pdf@ifprimitive is available.
)))
\Fld@menulength=\count113
\Field@Width=\dimen136
\Fld@charsize=\dimen137
\Field@toks=\toks28
Package hyperref Info: Hyper figures OFF on input line 4377.
Package hyperref Info: Link nesting OFF on input line 4382.
Package hyperref Info: Hyper index ON on input line 4385.
Package hyperref Info: backreferencing OFF on input line 4392.
Package hyperref Info: Link coloring ON on input line 4395.
Package hyperref Info: Link coloring with OCG OFF on input line 4402.
Package hyperref Info: PDF/A mode OFF on input line 4407.

(/usr/share/texmf-texlive/tex/generic/oberdiek/atbegshi.sty
Package: atbegshi 2008/07/31 v1.9 At begin shipout hook (HO)
)
\Hy@abspage=\count114
\c@Item=\count115
\c@Hfootnote=\count116
)
*hyperref using default driver hdvipdfm*
(/usr/share/texmf-texlive/tex/latex/hyperref/hdvipdfm.def
File: hdvipdfm.def 2009/10/09 v6.79a Hyperref driver for dvipdfm
\pdfm@box=\box40
\c@Hy@AnnotLevel=\count117
\HyField@AnnotCount=\count118
\Fld@listcount=\count119
)
(/usr/share/texmf-texlive/tex/latex/oberdiek/hypcap.sty
Package: hypcap 2008/09/08 v1.10 Adjusting anchors of captions (HO)
)
\DUlineblockindent=\skip74
)
(/usr/share/texmf-texlive/tex/latex/multirow/multirow.sty
\bigstrutjot=\dimen138
)
(/usr/share/texmf-texlive/tex/latex/tools/indentfirst.sty
Package: indentfirst 1995/11/23 v1.03 Indent first paragraph (DPC)
)
(/usr/share/texmf-texlive/tex/xelatex/xecjk/xeCJK.sty
Package: xeCJK 2009/09/30 2.3.10

(/usr/share/texmf-texlive/tex/xelatex/fontspec/fontspec.sty
Package: fontspec 2008/08/09 v1.18 Advanced font selection for XeLaTeX
\c@zf@newff=\count120
\c@zf@index=\count121
\c@zf@script=\count122
\c@zf@language=\count123

(/usr/share/texmf-texlive/tex/latex/tools/calc.sty
Package: calc 2007/08/22 v4.3 Infix arithmetic (KKT,FJ)
\calc@Acount=\count124
\calc@Bcount=\count125
\calc@Adimen=\dimen139
\calc@Bdimen=\dimen140
\calc@Askip=\skip75
\calc@Bskip=\skip76
LaTeX Info: Redefining \setlength on input line 76.
LaTeX Info: Redefining \addtolength on input line 77.
\calc@Ccount=\count126
\calc@Cskip=\skip77
)
(/usr/share/texmf-texlive/tex/latex/xkeyval/xkeyval.sty
Package: xkeyval 2008/08/13 v2.6a package option processing (HA)

(/usr/share/texmf-texlive/tex/generic/xkeyval/xkeyval.tex
\XKV@toks=\toks29
\XKV@tempa@toks=\toks30
\XKV@depth=\count127
File: xkeyval.tex 2008/08/13 v2.6a key=value parser (HA)
))
(/usr/share/texmf-texlive/tex/latex/base/fontenc.sty
Package: fontenc 2005/09/27 v1.99g Standard LaTeX package

(/usr/share/texmf-texlive/tex/xelatex/euenc/eu1enc.def
File: eu1enc.def 2008/03/08 v0.1d Experimental unicode font encoding
)
LaTeX Font Info:    Try loading font information for EU1+lmr on input line 100.


(/usr/share/texmf-texlive/tex/xelatex/euenc/eu1lmr.fd
File: eu1lmr.fd 2007/01/14 v1.3 Font defs for Latin Modern
))
LaTeX Info: Redefining \itshape on input line 1163.
LaTeX Info: Redefining \slshape on input line 1166.
LaTeX Info: Redefining \scshape on input line 1169.
LaTeX Info: Redefining \upshape on input line 1172.

fontspec.cfg loaded.
(/usr/share/texmf-texlive/tex/xelatex/fontspec/fontspec.cfg))
\xeCJK@cnta=\count128
\xeCJK@cntb=\count129
\xeCJK@cntc=\count130
\xeCJK@cntd=\count131
\xeCJK@cnte=\count132
\xeCJK@dima=\dimen141
LaTeX Info: Redefining \rmfamily on input line 762.
LaTeX Info: Redefining \sffamily on input line 766.
LaTeX Info: Redefining \ttfamily on input line 770.
\xeCJK@featureadded=\count133
)
\c@zf@famc@WenQuanYi Micro Hei=\count134
Package fontspec Info: Defining font family for 'WenQuanYi Micro Hei'with optio
ns [] on input line 17.
Package fontspec Info: Could not resolve font WenQuanYi Micro Hei/B (it might n
ot exist) on input line 17.
Package fontspec Info: Could not resolve font WenQuanYi Micro Hei/I (it might n
ot exist) on input line 17.
Package fontspec Info: Could not resolve font WenQuanYi Micro Hei/BI (it might 
not exist) on input line 17.
LaTeX Info: Redefining \xeCJK@font@rm on input line 17.
\c@zf@famc@WenQuanYi Micro Hei Mono=\count135
Package fontspec Info: Defining font family for 'WenQuanYi Micro Hei Mono'with 
options [Scale=0.9] on input line 18.
Package fontspec Info: Could not resolve font WenQuanYi Micro Hei Mono/B (it mi
ght not exist) on input line 18.
Package fontspec Info: Could not resolve font WenQuanYi Micro Hei Mono/I (it mi
ght not exist) on input line 18.
Package fontspec Info: Could not resolve font WenQuanYi Micro Hei Mono/BI (it m
ight not exist) on input line 18.

(/usr/share/texmf-texlive/tex/latex/fancyhdr/fancyheadings.sty
Package: fancyheadings 2008/02/04 1.99 Dummy package to call fancyhdr


Package fancyheadings Warning: Please stop using fancyheadings!
(fancyheadings)                Use fancyhdr instead.
(fancyheadings)                We will call fancyhdr with the very same
(fancyheadings)                options you passed to fancyheadings.
(fancyheadings)                
(fancyheadings)                fancyhdr is 99 percent compatible with
(fancyheadings)                fancyheadings. The only incompatibility is
(fancyheadings)                that \headrulewidth and \footrulewidth and
(fancyheadings)                their \plain... versions are no longer length
(fancyheadings)                parameters, but normal macros (to be changed
(fancyheadings)                with \renewcommand rather than \setlength)..

)
\@indexfile=\write5
\openout5 = `Flask.idx'.


Writing index file Flask.idx
(./Flask.aux

LaTeX Warning: Label `tutorial/views:id2' multiply defined.

)
\openout1 = `Flask.aux'.

LaTeX Font Info:    Checking defaults for OML/cmm/m/it on input line 134.
LaTeX Font Info:    ... okay on input line 134.
LaTeX Font Info:    Checking defaults for T1/cmr/m/n on input line 134.
LaTeX Font Info:    ... okay on input line 134.
LaTeX Font Info:    Checking defaults for OT1/cmr/m/n on input line 134.
LaTeX Font Info:    ... okay on input line 134.
LaTeX Font Info:    Checking defaults for OMS/cmsy/m/n on input line 134.
LaTeX Font Info:    ... okay on input line 134.
LaTeX Font Info:    Checking defaults for OMX/cmex/m/n on input line 134.
LaTeX Font Info:    ... okay on input line 134.
LaTeX Font Info:    Checking defaults for U/cmr/m/n on input line 134.
LaTeX Font Info:    ... okay on input line 134.
LaTeX Font Info:    Checking defaults for TS1/cmr/m/n on input line 134.
LaTeX Font Info:    Try loading font information for TS1+cmr on input line 134.

 (/usr/share/texmf-texlive/tex/latex/base/ts1cmr.fd
File: ts1cmr.fd 1999/05/25 v2.5h Standard LaTeX font definitions
)
LaTeX Font Info:    ... okay on input line 134.
LaTeX Font Info:    Checking defaults for PD1/pdf/m/n on input line 134.
LaTeX Font Info:    ... okay on input line 134.
LaTeX Font Info:    Checking defaults for EU1/lmr/m/n on input line 134.
LaTeX Font Info:    ... okay on input line 134.
Package hyperref Info: Link coloring ON on input line 134.

(/usr/share/texmf-texlive/tex/latex/hyperref/nameref.sty
Package: nameref 2007/05/29 v2.31 Cross-referencing by name of section

(/usr/share/texmf-texlive/tex/latex/oberdiek/refcount.sty
Package: refcount 2008/08/11 v3.1 Data extraction from references (HO)
)
\c@section@level=\count136
)
LaTeX Info: Redefining \ref on input line 134.
LaTeX Info: Redefining \pageref on input line 134.
 (./Flask.out)
(./Flask.out)
\@outlinefile=\write6
\openout6 = `Flask.out'.

\AtBeginShipoutBox=\box41

Overfull \hbox (23.49976pt too wide) in paragraph at lines 137--137
[][] 
 []

LaTeX Font Info:    Try loading font information for EU1+lmss on input line 137
.
(/usr/share/texmf-texlive/tex/xelatex/euenc/eu1lmss.fd
File: eu1lmss.fd 2007/01/14 v1.3 Font defs for Latin Modern
)
LaTeX Font Info:    Font shape `EU1/lmss/m/it' in size <20.74> not available
(Font)              Font shape `EU1/lmss/m/sl' tried instead on input line 137.

LaTeX Font Info:    Font shape `EU1/lmss/bx/it' in size <20.74> not available
(Font)              Font shape `EU1/lmss/bx/sl' tried instead on input line 137
.


LaTeX Font Warning: Font shape `EU1/WenQuanYiMicroHeiMono(0)/bx/it' undefined
(Font)              using `EU1/WenQuanYiMicroHeiMono(0)/m/n' instead on input l
ine 137.

LaTeX Font Info:    Font shape `EU1/WenQuanYiMicroHeiMono(0)/m/n' will be
(Font)              scaled to size 18.66588pt on input line 137.
LaTeX Font Info:    Font shape `EU1/WenQuanYiMicroHeiMono(0)/bx/it' will be
(Font)              scaled to size 18.66588pt on input line 137.
LaTeX Font Info:    Try loading font information for OT1+ppl on input line 137.

(/usr/share/texmf-texlive/tex/latex/psnfss/ot1ppl.fd
File: ot1ppl.fd 2001/06/04 font definitions for OT1/ppl.
)
LaTeX Font Info:    Try loading font information for OML+zplm on input line 137
.

(/usr/share/texmf-texlive/tex/latex/psnfss/omlzplm.fd
File: omlzplm.fd 2002/09/08 Fontinst v1.914 font definitions for OML/zplm.
)
LaTeX Font Info:    Try loading font information for OMS+zplm on input line 137
.

(/usr/share/texmf-texlive/tex/latex/psnfss/omszplm.fd
File: omszplm.fd 2002/09/08 Fontinst v1.914 font definitions for OMS/zplm.
)
LaTeX Font Info:    Try loading font information for OMX+zplm on input line 137
.

(/usr/share/texmf-texlive/tex/latex/psnfss/omxzplm.fd
File: omxzplm.fd 2002/09/08 Fontinst v1.914 font definitions for OMX/zplm.
)
LaTeX Font Info:    Try loading font information for OT1+zplm on input line 137
.

(/usr/share/texmf-texlive/tex/latex/psnfss/ot1zplm.fd
File: ot1zplm.fd 2002/09/08 Fontinst v1.914 font definitions for OT1/zplm.
) [1

] [2

] (./Flask.toc

LaTeX Font Warning: Font shape `EU1/WenQuanYiMicroHei(0)/bx/n' undefined
(Font)              using `EU1/WenQuanYiMicroHei(0)/m/n' instead on input line 
1.

[1

] [2] [3] [4] [5])
\tf@toc=\write7
\openout7 = `Flask.toc'.

 [6] [1


] [2]

LaTeX Font Warning: Font shape `EU1/WenQuanYiMicroHeiMono(0)/bx/n' undefined
(Font)              using `EU1/WenQuanYiMicroHeiMono(0)/m/n' instead on input l
ine 148.

LaTeX Font Info:    Font shape `EU1/WenQuanYiMicroHeiMono(0)/m/n' will be
(Font)              scaled to size 10.79993pt on input line 148.
LaTeX Font Info:    Font shape `EU1/WenQuanYiMicroHeiMono(0)/bx/n' will be
(Font)              scaled to size 10.79993pt on input line 148.
[3] [4

]
Chapter 1.
LaTeX Font Info:    Font shape `EU1/WenQuanYiMicroHeiMono(0)/bx/n' will be
(Font)              scaled to size 22.39185pt on input line 148.
LaTeX Font Info:    Font shape `EU1/WenQuanYiMicroHeiMono(0)/bx/n' will be
(Font)              scaled to size 22.39185pt on input line 148.
LaTeX Font Info:    Font shape `EU1/WenQuanYiMicroHeiMono(0)/bx/n' will be
(Font)              scaled to size 15.55188pt on input line 154.
LaTeX Font Info:    Font shape `EU1/WenQuanYiMicroHeiMono(0)/bx/n' will be
(Font)              scaled to size 15.55188pt on input line 154.
[5]

LaTeX Font Warning: Font shape `EU1/WenQuanYiMicroHei(0)/m/it' undefined
(Font)              using `EU1/WenQuanYiMicroHei(0)/m/n' instead on input line 
186.

[6]
Chapter 2.
[7

] [8]
Chapter 3.
LaTeX Font Info:    Try loading font information for EU1+lmtt on input line 273
.
(/usr/share/texmf-texlive/tex/xelatex/euenc/eu1lmtt.fd
File: eu1lmtt.fd 2007/01/14 v1.3 Font defs for Latin Modern
)
LaTeX Font Info:    Try loading font information for TS1+lmtt on input line 274
.

(/usr/share/texmf/tex/latex/lm/ts1lmtt.fd
File: ts1lmtt.fd 2009/10/30 v1.6 Font defs for Latin Modern
) [9

] [10]
LaTeX Font Info:    Try loading font information for OT1+lmtt on input line 348
.

(/usr/share/texmf/tex/latex/lm/ot1lmtt.fd
File: ot1lmtt.fd 2009/10/30 v1.6 Font defs for Latin Modern
)
LaTeX Font Info:    Font shape `EU1/lmss/bx/it' in size <17.28> not available
(Font)              Font shape `EU1/lmss/bx/sl' tried instead on input line 377
.
LaTeX Font Info:    Try loading font information for OML+lmtt on input line 402
.
LaTeX Font Info:    No file OMLlmtt.fd. on input line 402.


LaTeX Font Warning: Font shape `OML/lmtt/m/n' undefined
(Font)              using `OML/cmm/m/it' instead
(Font)              for symbol `textgreater' on input line 402.

LaTeX Font Info:    Font shape `EU1/lmss/bx/it' in size <12> not available
(Font)              Font shape `EU1/lmss/bx/sl' tried instead on input line 403
.
[11] [12]
Chapter 4.
LaTeX Font Info:    Font shape `EU1/lmtt/bx/n' in size <10.95> not available
(Font)              Font shape `EU1/lmtt/b/n' tried instead on input line 417.
[13

]
Overfull \hbox (23.49976pt too wide) in paragraph at lines 467--467
[][] 
 []


Overfull \hbox (23.49976pt too wide) in paragraph at lines 481--481
[][] 
 []


Overfull \hbox (23.49976pt too wide) in paragraph at lines 506--506
[][] 
 []


Overfull \hbox (23.49976pt too wide) in paragraph at lines 511--511
[][] 
 []

File: debugger.png Graphic file (type QTm)
<use  "debugger.png" >
File: debugger.png Graphic file (type QTm)
 <use  "debugger.png" >
Overfull \hbox (23.49976pt too wide) in paragraph at lines 515--516
[] []
 []


Underfull \hbox (badness 10000) in paragraph at lines 515--516

 []

[14] [15]
LaTeX Font Info:    Font shape `EU1/WenQuanYiMicroHeiMono(0)/bx/n' will be
(Font)              scaled to size 12.9599pt on input line 543.
LaTeX Font Info:    Font shape `EU1/WenQuanYiMicroHeiMono(0)/bx/n' will be
(Font)              scaled to size 12.9599pt on input line 543.

Overfull \hbox (23.49976pt too wide) in paragraph at lines 583--583
[][] 
 []


Overfull \hbox (23.49976pt too wide) in paragraph at lines 610--610
[][] 
 []

[16] [17] [18]
Underfull \hbox (badness 10000) in paragraph at lines 787--792
[]\rm/m/it/12 Âú® Ê®° Êùø ÂÜÖ ÈÉ® ‰Ω† ‰πü ÂèØ ‰ª• ËÆø ÈóÆ[][]\EU1/lmtt/m/n/12 r
equest[][] \rm/m/it/12 „ÄÅ| [][]\EU1/lmtt/m/n/12 session[][] \rm/m/it/12 Âíå[][
]\EU1/lmtt/m/n/12 g[][] [][][][][] \rm/m/it/12 ÂØπ Ë±°Ôºå| ‰ª•
 []

LaTeX Font Info:    Try loading font information for OMS+lmtt on input line 800
.
LaTeX Font Info:    No file OMSlmtt.fd. on input line 800.

LaTeX Font Warning: Font shape `OMS/lmtt/m/n' undefined
(Font)              using `OMS/cmsy/m/n' instead
(Font)              for symbol `textbar' on input line 800.

[19]
Overfull \hbox (23.49976pt too wide) in paragraph at lines 824--824
[][] 
 []


Overfull \hbox (23.49976pt too wide) in paragraph at lines 827--827
[][] 
 []

[20]

LaTeX Font Warning: Font shape `EU1/WenQuanYiMicroHeiMono(0)/m/it' undefined
(Font)              using `EU1/WenQuanYiMicroHeiMono(0)/m/n' instead on input l
ine 886.

LaTeX Font Info:    Font shape `EU1/WenQuanYiMicroHeiMono(0)/m/n' will be
(Font)              scaled to size 9.85492pt on input line 886.
LaTeX Font Info:    Font shape `EU1/WenQuanYiMicroHeiMono(0)/m/it' will be
(Font)              scaled to size 9.85492pt on input line 886.
[21] [22] [23] [24]
Overfull \hbox (23.49976pt too wide) in paragraph at lines 1117--1117
[][] 
 []


Overfull \hbox (23.49976pt too wide) in paragraph at lines 1129--1129
[][] 
 []

[25]
LaTeX Font Info:    Try loading font information for TS1+lmr on input line 1186
.
 (/usr/share/texmf/tex/latex/lm/ts1lmr.fd
File: ts1lmr.fd 2009/10/30 v1.6 Font defs for Latin Modern
) [26]
Chapter 5.
File: flaskr.png Graphic file (type QTm)
<use  "flaskr.png" >
File: flaskr.png Graphic file (type QTm)
 <use  "flaskr.png" >
Overfull \hbox (23.49976pt too wide) in paragraph at lines 1246--1247
[] []
 []


Underfull \hbox (badness 10000) in paragraph at lines 1246--1247

 []

[27

] [28] [29]
Overfull \hbox (23.49976pt too wide) in paragraph at lines 1368--1368
[][] 
 []


Overfull \hbox (23.49976pt too wide) in paragraph at lines 1371--1371
[][] 
 []

[30]
Overfull \hbox (23.49976pt too wide) in paragraph at lines 1429--1429
[][] 
 []


Overfull \hbox (23.49976pt too wide) in paragraph at lines 1433--1433
[][] 
 []

[31]
Overfull \hbox (23.49976pt too wide) in paragraph at lines 1472--1472
[][] 
 []


Overfull \hbox (23.49976pt too wide) in paragraph at lines 1483--1483
[][] 
 []

[32]
Overfull \hbox (23.49976pt too wide) in paragraph at lines 1530--1530
[][] 
 []


Overfull \hbox (23.49976pt too wide) in paragraph at lines 1534--1534
[][] 
 []

[33] [34] [35] [36]
Chapter 6.
LaTeX Font Info:    Font shape `EU1/lmtt/bx/n' in size <12> not available
(Font)              Font shape `EU1/lmtt/b/n' tried instead on input line 1743.

[37

]
Overfull \hbox (23.49976pt too wide) in paragraph at lines 1789--1789
[][] 
 []


Overfull \hbox (23.49976pt too wide) in paragraph at lines 1810--1810
[][] 
 []

[38] [39] [40]
Chapter 7.
[41

] [42]
LaTeX Font Info:    Try loading font information for OT1+lmr on input line 2042
.
 (/usr/share/texmf/tex/latex/lm/ot1lmr.fd
File: ot1lmr.fd 2009/10/30 v1.6 Font defs for Latin Modern
) [43] [44] [45] [46]
Chapter 8.
[47

] [48]
Overfull \hbox (22.52318pt too wide) in paragraph at lines 2434--2435
[][] 
 []

[49] [50]
Chapter 9.
[51

] [52]
Chapter 10.

Underfull \hbox (badness 10000) in paragraph at lines 2727--2727
[]|\rm/m/it/12 Â∏∏ È©ª ‰ºö ËØù ÁöÑ Â≠ò Ê¥ª ÊúüÔºå| ÂÖ∂ ÂÄº ÊòØ ‰∏Ä ‰∏™
 []


Underfull \hbox (badness 10000) in paragraph at lines 2727--2727
[]|\rm/m/it/12 Â∏∏ È©ª ‰ºö ËØù ÁöÑ Â≠ò Ê¥ª ÊúüÔºå| ÂÖ∂ ÂÄº ÊòØ ‰∏Ä ‰∏™
 []


Overfull \hbox (22.52318pt too wide) in paragraph at lines 2727--2728
[][] 
 []

[53

]
Overfull \vbox (109.54266pt too high) has occurred while \output is active []


[54]
Overfull \hbox (23.49976pt too wide) in paragraph at lines 2730--2730
[][] 
 []


Overfull \hbox (23.49976pt too wide) in paragraph at lines 2742--2742
[][] 
 []


Underfull \hbox (badness 10000) in paragraph at lines 2743--2747
[]\EU1/lmr/m/n/12 0.4 \rm/m/it/12 Êñ∞ Áâà Âäü ËÉΩ\EU1/lmr/m/n/12 : \EU1/lmtt/m/
n/12 LOGGER[]NAME\EU1/lmr/m/n/12 0.5 \rm/m/it/12 Êñ∞ Áâà Âäü ËÉΩ\EU1/lmr/m/n/12
 : \EU1/lmtt/m/n/12 SERVER[]NAME\EU1/lmr/m/n/12 0.6 \rm/m/it/12 Êñ∞
 []


Underfull \hbox (badness 10000) in paragraph at lines 2743--2747
\rm/m/it/12 Áâà Âäü ËÉΩ\EU1/lmr/m/n/12 : \EU1/lmtt/m/n/12 MAX[]CONTENT[]LENGTH\
EU1/lmr/m/n/12 0.7 \rm/m/it/12 Êñ∞ Áâà Âäü ËÉΩ\EU1/lmr/m/n/12 : \EU1/lmtt/m/n/1
2 PROPAGATE[]EXCEPTIONS\EU1/lmr/m/n/12 ,
 []


Underfull \hbox (badness 10000) in paragraph at lines 2743--2747
\EU1/lmtt/m/n/12 PRESERVE[]CONTEXT[]ON[]EXCEPTION\EU1/lmr/m/n/12 0.8 \rm/m/it/1
2 Êñ∞ Áâà Âäü ËÉΩ\EU1/lmr/m/n/12 : \EU1/lmtt/m/n/12 TRAP[]BAD[]REQUEST[]ERRORS\
EU1/lmr/m/n/12 ,
 []


Underfull \hbox (badness 10000) in paragraph at lines 2743--2747
\EU1/lmtt/m/n/12 TRAP[]HTTP[]EXCEPTIONS\EU1/lmr/m/n/12 , \EU1/lmtt/m/n/12 APPLI
CATION[]ROOT\EU1/lmr/m/n/12 , \EU1/lmtt/m/n/12 SESSION[]COOKIE[]DOMAIN\EU1/lmr/
m/n/12 ,
 []


Underfull \hbox (badness 10000) in paragraph at lines 2743--2747
\EU1/lmtt/m/n/12 SESSION[]COOKIE[]PATH\EU1/lmr/m/n/12 , \EU1/lmtt/m/n/12 SESSIO
N[]COOKIE[]HTTPONLY\EU1/lmr/m/n/12 , \EU1/lmtt/m/n/12 SESSION[]COOKIE[]SECURE\E
U1/lmr/m/n/12 0.9 \rm/m/it/12 Êñ∞
 []


Underfull \hbox (badness 10000) in paragraph at lines 2762--2766
[]\rm/m/it/12 È¶ñ ÂÖà ‰ªé \EU1/lmr/m/it/12 yourapplication.default[]settings \r
m/m/it/12 Ê®° Âùó ËΩΩ ÂÖ• ÈÖç ÁΩÆÔºå| ÁÑ∂ Âêé Ê†π ÊçÆ
 []

[55]
Underfull \hbox (badness 10000) in paragraph at lines 2823--2826
[]\rm/m/it/12 ÁÑ∂ Âêé ‰Ω† Âè™ Ë¶Å Â¢û Âä† ‰∏Ä ‰∏™ Áã¨ Á´ã ÁöÑ \EU1/lmr/m/it/12 
config.py \rm/m/it/12 Êñá ‰ª∂ Âπ∂ ÂØº Âá∫
 []


Underfull \hbox (badness 10000) in paragraph at lines 2827--2831
[]\rm/m/it/12 Âú® \EU1/lmr/m/n/12 Django \rm/m/it/12 Â∫î Áî® ‰∏≠Ôºå| ÈÄö Â∏∏ Áö
Ñ ÂÅö Ê≥ï ÊòØ Âú® Êñá ‰ª∂ ÁöÑ ÂºÄ ÂÖ≥ Â¢û Âä† \EU1/lmtt/m/n/12 from
 []

[56] [57] [58]
Chapter 11.
[59

]
Overfull \hbox (23.49976pt too wide) in paragraph at lines 3048--3048
[][] 
 []


Overfull \hbox (23.49976pt too wide) in paragraph at lines 3052--3052
[][] 
 []

[60]
Overfull \hbox (23.49976pt too wide) in paragraph at lines 3074--3074
[][] 
 []


Overfull \hbox (23.49976pt too wide) in paragraph at lines 3078--3078
[][] 
 []


Overfull \hbox (23.49976pt too wide) in paragraph at lines 3098--3098
[][] 
 []


Underfull \hbox (badness 10000) in paragraph at lines 3100--3103
[]\rm/m/it/12 ‰∏ç Ë¶Å Êää[][]\EU1/lmtt/m/n/12 current[]app[][] \rm/m/it/12 ‰Ωú 
‰∏∫ Âèë ÈÄÅ ËÄÖ ‰º† ÈÄí Áªô ‰ø° Âè∑„ÄÇ| ËØ∑ ‰Ωø Áî®
 []


Overfull \hbox (23.49976pt too wide) in paragraph at lines 3103--3103
[][] 
 []

[61] [62] [63] [64

]
Chapter 12.
[65] [66] [67] [68] [69] [70

]
Chapter 13.
[71] [72]
Chapter 14.
[73

] [74] [75] [76]
Chapter 15.
[77

] [78] [79]
Underfull \hbox (badness 10000) in paragraph at lines 3994--3997
[]\rm/m/it/12 ÂÅá ËÆæ ‰Ω† ÁöÑ Ëìù Âõæ ‰æø ‰∫é \EU1/lmtt/m/n/12 yourapplication/
admin \rm/m/it/12 ‰∏≠Ôºå| Ë¶Å Ê∏≤ Êüì ÁöÑ Ê®° Êùø ÊòØ
 []

[80]
Chapter 16.
[81

] [82]
Chapter 17.
[83

] [84]
Chapter 18.
[85

]
Overfull \hbox (23.49976pt too wide) in paragraph at lines 4249--4249
[][] 
 []

[86]
Overfull \hbox (23.49976pt too wide) in paragraph at lines 4258--4258
[][] 
 []

[87] [88] [89] [90] [91] [92] [93] [94] [95] [96] [97] [98]
Underfull \hbox (badness 10000) in paragraph at lines 4993--4996
[]\rm/m/it/12 Âú® \EU1/lmr/m/n/12 Flask \rm/m/it/12 ‰∏≠Ôºå| ÈÄö Ëøá ‰Ωø Áî® Áâπ
 ÊÆä ÁöÑ[][]\EU1/lmtt/m/n/12 g[][] \rm/m/it/12 ÂØπ Ë±° ÂèØ ‰ª• ‰Ωø Áî®[][]\EU1/
lmtt/m/n/12 before[]request()[][]
 []

[99]
Overfull \hbox (23.49976pt too wide) in paragraph at lines 5018--5018
[][] 
 []


Overfull \hbox (23.49976pt too wide) in paragraph at lines 5022--5022
[][] 
 []

[100] [101] [102] [103] [104]
Underfull \hbox (badness 10000) in paragraph at lines 5367--5372
\rm/m/it/12 ‰ºö Âú® Á®ç Âêé Ëß£ Èáä„ÄÇ| \EU1/lmr/m/it/12 UPLOAD[]FOLDER \rm/m/i
t/12 ÊòØ ‰∏ä ‰º† Êñá ‰ª∂ Ë¶Å ÂÇ® Â≠ò ÁöÑ ÁõÆ ÂΩïÔºå| \EU1/lmr/m/it/12 AL-
 []

[105]
Overfull \hbox (23.49976pt too wide) in paragraph at lines 5410--5410
[][] 
 []


Overfull \hbox (23.49976pt too wide) in paragraph at lines 5429--5429
[][] 
 []

[106] [107] [108] [109] [110] [111]
Overfull \hbox (23.49976pt too wide) in paragraph at lines 5747--5747
[][] 
 []


Overfull \hbox (23.49976pt too wide) in paragraph at lines 5751--5751
[][] 
 []

[112]
LaTeX Font Info:    Try loading font information for OML+lmr on input line 5805
.
 (/usr/share/texmf/tex/latex/lm/omllmr.fd
File: omllmr.fd 2009/10/30 v1.6 Font defs for Latin Modern
)
LaTeX Font Info:    Try loading font information for OML+lmm on input line 5805
.

(/usr/share/texmf/tex/latex/lm/omllmm.fd
File: omllmm.fd 2009/10/30 v1.6 Font defs for Latin Modern
)
LaTeX Font Info:    Font shape `OML/lmr/m/it' in size <12> not available
(Font)              Font shape `OML/lmm/m/it' tried instead on input line 5805.

LaTeX Font Info:    Try loading font information for OMS+lmr on input line 5836
.

(/usr/share/texmf/tex/latex/lm/omslmr.fd
File: omslmr.fd 2009/10/30 v1.6 Font defs for Latin Modern
)
LaTeX Font Info:    Try loading font information for OMS+lmsy on input line 583
6.

(/usr/share/texmf/tex/latex/lm/omslmsy.fd
File: omslmsy.fd 2009/10/30 v1.6 Font defs for Latin Modern
)
LaTeX Font Info:    Font shape `OMS/lmr/m/it' in size <12> not available
(Font)              Font shape `OMS/lmsy/m/n' tried instead on input line 5836.

 [113] [114] [115] [116]
Underfull \hbox (badness 5374) in paragraph at lines 6033--6035
[]\rm/m/it/12 ‰∏ä ‰æã Â±ï Á§∫ Â¶Ç ‰Ωï Ê†π ÊçÆ Á±ª Âà´ Ê∏≤ Êüì Ê∂à ÊÅØÔºå| Ëøò Â
èØ ‰ª• Áªô Ê∂à ÊÅØ Âä† ‰∏ä Ââç ÁºÄÔºå| Â¶Ç
 []


Underfull \hbox (badness 10000) in paragraph at lines 6038--6041
[]\EU1/lmr/m/n/12 0.9 \rm/m/it/12 Êñ∞ Áâà Âäü ËÉΩ\EU1/lmr/m/n/12 . \rm/m/it/12 
‰Ω† ÂèØ ‰ª• ËßÜ ÊÉÖ ÂÜµ ÈÄö Ëøá ‰º† ÈÄí ‰∏Ä ‰∏™ Á±ª Âà´ Âàó Ë°® Êù• Ëøá
 []

[117] [118]
Overfull \hbox (23.49976pt too wide) in paragraph at lines 6115--6115
[][] 
 []


Overfull \hbox (23.49976pt too wide) in paragraph at lines 6122--6122
[][] 
 []

[119] [120] [121] [122] [123] [124] [125] [126] [127] [128] [129] [130

]
Chapter 19.

Overfull \hbox (23.49976pt too wide) in paragraph at lines 6736--6736
[][] 
 []


Overfull \hbox (23.49976pt too wide) in paragraph at lines 6741--6741
[][] 
 []

LaTeX Font Info:    Font shape `EU1/lmss/bx/it' in size <14.4> not available
(Font)              Font shape `EU1/lmss/bx/sl' tried instead on input line 674
4.
[131] [132] [133] [134]
Overfull \hbox (23.49976pt too wide) in paragraph at lines 6981--6981
[][] 
 []


Overfull \hbox (23.49976pt too wide) in paragraph at lines 6985--6985
[][] 
 []

[135]
Overfull \hbox (23.49976pt too wide) in paragraph at lines 7015--7015
[][] 
 []


Overfull \hbox (23.49976pt too wide) in paragraph at lines 7020--7020
[][] 
 []

[136]
Overfull \hbox (23.49976pt too wide) in paragraph at lines 7074--7074
[][] 
 []


Overfull \hbox (23.49976pt too wide) in paragraph at lines 7079--7079
[][] 
 []

[137] [138] [139] [140]
Overfull \hbox (23.49976pt too wide) in paragraph at lines 7296--7296
[][] 
 []


Overfull \hbox (23.49976pt too wide) in paragraph at lines 7301--7301
[][] 
 []

[141] [142

]
Chapter 20.
[143] [144] [145

] [146] [147] [148

]
Chapter 21.

Underfull \hbox (badness 10000) in paragraph at lines 7431--7431
[]\EU1/lmr/m/it/12 import[]name\EU1/lmr/m/n/12 , \EU1/lmr/m/it/12 static[]path=
None\EU1/lmr/m/n/12 , \EU1/lmr/m/it/12 static[]url[]path=None\EU1/lmr/m/n/12 ,
 []


Underfull \hbox (badness 10000) in paragraph at lines 7431--7431
\EU1/lmr/m/it/12 static[]folder=‚Äôstatic‚Äô\EU1/lmr/m/n/12 , \EU1/lmr/m/it/12 
template[]folder=‚Äôtemplates‚Äô\EU1/lmr/m/n/12 , \EU1/lmr/m/it/12 in-
 []

[149] [150] [151] [152]
Underfull \hbox (badness 10000) in paragraph at lines 7742--7747
\EU1/lmr/m/n/12 Creates the Jinja2 environment based on [][]\EU1/lmtt/m/n/12 ji
nja[]options[][] \EU1/lmr/m/n/12 and
 []

LaTeX Font Info:    Font shape `OMS/lmr/bx/n' in size <12> not available
(Font)              Font shape `OMS/lmsy/b/n' tried instead on input line 7777.

[153] [154] [155] [156] [157]
Underfull \hbox (badness 6428) in paragraph at lines 8302--8305
[]\EU1/lmr/m/n/12 This attribute can also be configured from the config with th
e
 []


Underfull \hbox (badness 5924) in paragraph at lines 8302--8305
\EU1/lmr/m/it/12 PERMANENT[]SESSION[]LIFETIME \EU1/lmr/m/n/12 configuration key
. Defaults to
 []

[158] [159] [160] [161]
LaTeX Font Info:    Font shape `OML/lmr/bx/n' in size <12> not available
(Font)              Font shape `OML/lmm/b/it' tried instead on input line 8639.


Underfull \hbox (badness 10000) in paragraph at lines 8640--8643
\EU1/lmr/m/n/12 the session interface to use. By default an instance of
 []

[162] [163]
Underfull \hbox (badness 10000) in paragraph at lines 8817--8820
\EU1/lmr/m/n/12 Creates a WSGI environment from the given values (see
 []

[164] [165]
Underfull \hbox (badness 10000) in paragraph at lines 9043--9043
[]\EU1/lmr/m/it/12 name\EU1/lmr/m/n/12 , \EU1/lmr/m/it/12 import[]name\EU1/lmr/
m/n/12 , \EU1/lmr/m/it/12 static[]folder=None\EU1/lmr/m/n/12 ,
 []


Underfull \hbox (badness 10000) in paragraph at lines 9043--9043
\EU1/lmr/m/it/12 static[]url[]path=None\EU1/lmr/m/n/12 , \EU1/lmr/m/it/12 templ
ate[]folder=None\EU1/lmr/m/n/12 ,
 []

[166] [167] [168] [169] [170] [171]
Underfull \hbox (badness 10000) in paragraph at lines 9705--9705
[]\EU1/lmr/m/it/12 response=None\EU1/lmr/m/n/12 , \EU1/lmr/m/it/12 status=None\
EU1/lmr/m/n/12 , \EU1/lmr/m/it/12 headers=None\EU1/lmr/m/n/12 ,
 []


Underfull \hbox (badness 10000) in paragraph at lines 9705--9705
\EU1/lmr/m/it/12 mimetype=None\EU1/lmr/m/n/12 , \EU1/lmr/m/it/12 content[]type=
None\EU1/lmr/m/n/12 , \EU1/lmr/m/it/12 di-
 []

[172] [173]
Underfull \hbox (badness 10000) in paragraph at lines 9847--9851
\rm/m/it/12 Ëøô ‰∏™ Â±û ÊÄß Â¶Ç Êûú ËÆæ ÁΩÆ ‰∏∫ \EU1/lmr/m/it/12 True \rm/m/it/
12 Ôºå| ÈÇ£ ‰πà Ëøô ‰∏™ ‰ºö ËØù ÁöÑ Â≠ò Ê¥ª Êúü
 []

[174] [175]
Overfull \hbox (23.49976pt too wide) in paragraph at lines 10076--10076
[][] 
 []


Overfull \hbox (23.49976pt too wide) in paragraph at lines 10082--10082
[][] 
 []


Underfull \hbox (badness 10000) in paragraph at lines 10089--10089
[]\EU1/lmr/m/it/12 application\EU1/lmr/m/n/12 , \EU1/lmr/m/it/12 response[]wrap
per=None\EU1/lmr/m/n/12 ,
 []


Underfull \hbox (badness 10000) in paragraph at lines 10089--10089
\EU1/lmr/m/it/12 use[]cookies=True\EU1/lmr/m/n/12 , \EU1/lmr/m/it/12 al-
 []

[176]
Underfull \hbox (badness 10000) in paragraph at lines 10106--10108
[]\EU1/lmr/m/n/12 session[‚Äôvalue‚Äô] =
 []

[177]
Overfull \vbox (0.66356pt too high) detected at line 10249
 []

[178] [179] [180] [181]
LaTeX Font Info:    Font shape `OML/lmr/m/n' in size <12> not available
(Font)              Font shape `OML/lmm/m/it' tried instead on input line 10528
.
 [182] [183] [184] [185] [186] [187] [188] [189]
Underfull \hbox (badness 10000) in paragraph at lines 11224--11224
[]\EU1/lmr/m/it/12 blueprint\EU1/lmr/m/n/12 , \EU1/lmr/m/it/12 app\EU1/lmr/m/n/
12 , \EU1/lmr/m/it/12 options\EU1/lmr/m/n/12 ,
 []

[190] [191] [192] [193]
Overfull \hbox (20.25641pt too wide) in paragraph at lines 11641--11641
[]\EU1/lmr/m/it/12 view[]func|  
 []


Overfull \hbox (23.4958pt too wide) in paragraph at lines 11641--11642
[][] 
 []

[194] [195] [196

] [197] [198] [199] [200

]
Chapter 22.
[201] [202] [203] [204]
Chapter 23.
[205

]
Underfull \hbox (badness 10000) in paragraph at lines 12069--12069
[]|
 []


Overfull \hbox (7.9785pt too wide) in paragraph at lines 12069--12069
\EU1/lmr/bx/n/12 HTML4.01| 
 []


Underfull \hbox (badness 10000) in paragraph at lines 12069--12069
[]|
 []


Overfull \hbox (11.4225pt too wide) in paragraph at lines 12069--12069
\EU1/lmr/bx/n/12 XHTML1.1| 
 []

File: yes.png Graphic file (type QTm)
<use  "yes.png" >
File: yes.png Graphic file (type QTm)
 <use  "yes.png" >
Underfull \hbox (badness 10000) in paragraph at lines 12069--12069
\EU1/lmr/m/n/12 feature
 []


Underfull \hbox (badness 10000) in paragraph at lines 12069--12069
\EU1/lmr/m/n/12 inher-
 []


Underfull \hbox (badness 10000) in paragraph at lines 12069--12069
\EU1/lmr/m/n/12 ited from
 []


Underfull \hbox (badness 10000) in paragraph at lines 12069--12069
\EU1/lmr/m/n/12 is usually
 []


Underfull \hbox (badness 10000) in paragraph at lines 12069--12069
\EU1/lmr/m/n/12 not sup-
 []


Underfull \hbox (badness 10000) in paragraph at lines 12069--12069
\EU1/lmr/m/n/12 browsers,
 []


Underfull \hbox (badness 10000) in paragraph at lines 12069--12069
\EU1/lmr/m/n/12 detailed
 []

File: no.png Graphic file (type QTm)
<use  "no.png" >
File: no.png Graphic file (type QTm)
 <use  "no.png" >
File: no.png Graphic file (type QTm)
 <use  "no.png" >
File: no.png Graphic file (type QTm)
 <use  "no.png" >
File: no.png Graphic file (type QTm)

<use  "no.png" >
File: no.png Graphic file (type QTm)
 <use  "no.png" >
File: yes.png Graphic file (type QTm)
 <use  "yes.png" >
File: yes.png Graphic file (type QTm)
 <use  "yes.png" >
File: yes.png Graphic file (type QTm)

<use  "yes.png" >
File: yes.png Graphic file (type QTm)
 <use  "yes.png" >
Underfull \hbox (badness 10000) in paragraph at lines 12069--12069
\EU1/lmr/m/n/12 patibility
 []


Underfull \hbox (badness 7540) in paragraph at lines 12069--12069
\EU1/lmr/m/n/12 code that
 []


Underfull \hbox (badness 10000) in paragraph at lines 12069--12069
\EU1/lmr/m/n/12 generates
 []


Underfull \hbox (badness 10000) in paragraph at lines 12069--12069
\EU1/lmr/m/n/12 XHTML
 []


Underfull \hbox (badness 10000) in paragraph at lines 12069--12069
\EU1/lmr/m/n/12 for tags
 []


Underfull \hbox (badness 10000) in paragraph at lines 12069--12069
\EU1/lmr/m/n/12 such as
 []

File: no.png Graphic file (type QTm)
<use  "no.png" >
File: no.png Graphic file (type QTm)
 <use  "no.png" >
File: yes.png Graphic file (type QTm)
 <use  "yes.png" >
File: yes.png Graphic file (type QTm)
 <use  "yes.png" >
File: no.png Graphic file (type QTm)

<use  "no.png" >
File: no.png Graphic file (type QTm)
 <use  "no.png" >
File: yes.png Graphic file (type QTm)
 <use  "yes.png" >
File: yes.png Graphic file (type QTm)
 <use  "yes.png" >
File: no.png Graphic file (type QTm)

<use  "no.png" >
File: no.png Graphic file (type QTm)
 <use  "no.png" >
Underfull \hbox (badness 10000) in paragraph at lines 12069--12069
[]|[]
 []


Underfull \hbox (badness 10000) in paragraph at lines 12069--12069
\EU1/lmr/m/n/12 XHTML
 []


Underfull \hbox (badness 10000) in paragraph at lines 12069--12069
\EU1/lmr/m/n/12 1.0 is
 []


Underfull \hbox (badness 10000) in paragraph at lines 12069--12069
\EU1/lmr/m/n/12 the last
 []


Underfull \hbox (badness 10000) in paragraph at lines 12069--12069
\EU1/lmr/m/n/12 XHTML
 []


Underfull \hbox (badness 10000) in paragraph at lines 12069--12069
\EU1/lmr/m/n/12 standard
 []


Underfull \hbox (badness 10000) in paragraph at lines 12069--12069
\EU1/lmr/m/n/12 that al-
 []


Underfull \hbox (badness 10000) in paragraph at lines 12069--12069
\EU1/lmr/m/n/12 served as
 []


Underfull \hbox (badness 10000) in paragraph at lines 12069--12069
\EU1/lmr/m/it/12 text/html
 []


Underfull \hbox (badness 10000) in paragraph at lines 12069--12069
\EU1/lmr/m/n/12 for back-
 []


Underfull \hbox (badness 10000) in paragraph at lines 12069--12069
\EU1/lmr/m/n/12 wards
 []


Underfull \hbox (badness 10000) in paragraph at lines 12069--12069
\EU1/lmr/m/n/12 compat-
 []


Underfull \hbox (badness 10000) in paragraph at lines 12069--12069
\EU1/lmr/m/n/12 ibility
 []

File: yes.png Graphic file (type QTm)
<use  "yes.png" >
File: yes.png Graphic file (type QTm)
 <use  "yes.png" >
File: no.png Graphic file (type QTm)
 <use  "no.png" >
File: no.png Graphic file (type QTm)
 <use  "no.png" >
File: yes.png Graphic file (type QTm)

<use  "yes.png" >
File: yes.png Graphic file (type QTm)
 <use  "yes.png" >
File: no.png Graphic file (type QTm)
 <use  "no.png" >
File: no.png Graphic file (type QTm)
 <use  "no.png" >
File: no.png Graphic file (type QTm)

<use  "no.png" >
File: no.png Graphic file (type QTm)
 <use  "no.png" >
File: yes.png Graphic file (type QTm)
 <use  "yes.png" >
File: yes.png Graphic file (type QTm)
 <use  "yes.png" >
File: no.png Graphic file (type QTm)

<use  "no.png" >
File: no.png Graphic file (type QTm)
 <use  "no.png" >
File: no.png Graphic file (type QTm)
 <use  "no.png" >
File: no.png Graphic file (type QTm)
 <use  "no.png" >
File: yes.png Graphic file (type QTm)

<use  "yes.png" >
File: yes.png Graphic file (type QTm)
 <use  "yes.png" >
File: yes.png Graphic file (type QTm)
 <use  "yes.png" >
File: yes.png Graphic file (type QTm)
 <use  "yes.png" >
File: no.png Graphic file (type QTm)

<use  "no.png" >
File: no.png Graphic file (type QTm)
 <use  "no.png" >
File: yes.png Graphic file (type QTm)
 <use  "yes.png" >
File: yes.png Graphic file (type QTm)
 <use  "yes.png" >
File: yes.png Graphic file (type QTm)

<use  "yes.png" >
File: yes.png Graphic file (type QTm)
 <use  "yes.png" >
File: no.png Graphic file (type QTm)
 <use  "no.png" >
File: no.png Graphic file (type QTm)
 <use  "no.png" >
File: no.png Graphic file (type QTm)

<use  "no.png" >
File: no.png Graphic file (type QTm)
 <use  "no.png" >
File: yes.png Graphic file (type QTm)
 <use  "yes.png" >
File: yes.png Graphic file (type QTm)
 <use  "yes.png" >
File: no.png Graphic file (type QTm)

<use  "no.png" >
File: no.png Graphic file (type QTm)
 <use  "no.png" >
File: no.png Graphic file (type QTm)
 <use  "no.png" >
File: no.png Graphic file (type QTm)
 <use  "no.png" >
File: yes.png Graphic file (type QTm)

<use  "yes.png" >
File: yes.png Graphic file (type QTm)
 <use  "yes.png" >
File: no.png Graphic file (type QTm)
 <use  "no.png" >
File: no.png Graphic file (type QTm)
 <use  "no.png" >
File: no.png Graphic file (type QTm)

<use  "no.png" >
File: no.png Graphic file (type QTm)
 <use  "no.png" >
File: yes.png Graphic file (type QTm)
 <use  "yes.png" >
File: yes.png Graphic file (type QTm)
 <use  "yes.png" >
Underfull \hbox (badness 10000) in paragraph at lines 12069--12069
[]|
 []


Overfull \hbox (7.9785pt too wide) in paragraph at lines 12069--12069
\EU1/lmr/bx/n/12 HTML4.01| 
 []


Underfull \hbox (badness 10000) in paragraph at lines 12069--12069
[]|
 []


Overfull \hbox (11.4225pt too wide) in paragraph at lines 12069--12069
\EU1/lmr/bx/n/12 XHTML1.1| 
 []

File: yes.png Graphic file (type QTm)
<use  "yes.png" >
File: yes.png Graphic file (type QTm)
 <use  "yes.png" >
File: no.png Graphic file (type QTm)
 <use  "no.png" >
File: no.png Graphic file (type QTm)
 <use  "no.png" >
File: no.png Graphic file (type QTm)

<use  "no.png" >
File: no.png Graphic file (type QTm)
 <use  "no.png" >
File: no.png Graphic file (type QTm)
 <use  "no.png" >
File: no.png Graphic file (type QTm)
 <use  "no.png" >
File: yes.png Graphic file (type QTm)

<use  "yes.png" >
File: yes.png Graphic file (type QTm)
 <use  "yes.png" >
File: yes.png Graphic file (type QTm)
 <use  "yes.png" >
File: yes.png Graphic file (type QTm)
 <use  "yes.png" >
File: no.png Graphic file (type QTm)

<use  "no.png" >
File: no.png Graphic file (type QTm)
 <use  "no.png" >
File: yes.png Graphic file (type QTm)
 <use  "yes.png" >
File: yes.png Graphic file (type QTm)
 <use  "yes.png" >
File: no.png Graphic file (type QTm)

<use  "no.png" >
File: no.png Graphic file (type QTm)
 <use  "no.png" >
File: yes.png Graphic file (type QTm)
 <use  "yes.png" >
File: yes.png Graphic file (type QTm)
 <use  "yes.png" >
File: no.png Graphic file (type QTm)

<use  "no.png" >
File: no.png Graphic file (type QTm)
 <use  "no.png" >
File: yes.png Graphic file (type QTm)
 <use  "yes.png" >
File: yes.png Graphic file (type QTm)
 <use  "yes.png" >
File: no.png Graphic file (type QTm)

<use  "no.png" >
File: no.png Graphic file (type QTm)
 <use  "no.png" >
File: yes.png Graphic file (type QTm)
 <use  "yes.png" >
File: yes.png Graphic file (type QTm)
 <use  "yes.png" >
File: no.png Graphic file (type QTm)

<use  "no.png" >
File: no.png Graphic file (type QTm)
 <use  "no.png" >
File: no.png Graphic file (type QTm)
 <use  "no.png" >
File: no.png Graphic file (type QTm)
 <use  "no.png" >
File: yes.png Graphic file (type QTm)

<use  "yes.png" >
File: yes.png Graphic file (type QTm)
 <use  "yes.png" >
File: no.png Graphic file (type QTm)
 <use  "no.png" >
File: no.png Graphic file (type QTm)
 <use  "no.png" >
File: no.png Graphic file (type QTm)

<use  "no.png" >
File: no.png Graphic file (type QTm)
 <use  "no.png" >
File: yes.png Graphic file (type QTm)
 <use  "yes.png" >
File: yes.png Graphic file (type QTm)
 <use  "yes.png" >
File: yes.png Graphic file (type QTm)

<use  "yes.png" >
File: yes.png Graphic file (type QTm)
 <use  "yes.png" >
File: no.png Graphic file (type QTm)
 <use  "no.png" >
File: no.png Graphic file (type QTm)
 <use  "no.png" >
File: yes.png Graphic file (type QTm)

<use  "yes.png" >
File: yes.png Graphic file (type QTm)
 <use  "yes.png" >
File: yes.png Graphic file (type QTm)
 <use  "yes.png" >
File: yes.png Graphic file (type QTm)
 <use  "yes.png" >
File: no.png Graphic file (type QTm)

<use  "no.png" >
File: no.png Graphic file (type QTm)
 <use  "no.png" >
File: no.png Graphic file (type QTm)
 <use  "no.png" >
File: no.png Graphic file (type QTm)
 <use  "no.png" >
File: yes.png Graphic file (type QTm)

<use  "yes.png" >
File: yes.png Graphic file (type QTm)
 <use  "yes.png" >
File: no.png Graphic file (type QTm)
 <use  "no.png" >
File: no.png Graphic file (type QTm)
 <use  "no.png" >
File: no.png Graphic file (type QTm)

<use  "no.png" >
File: no.png Graphic file (type QTm)
 <use  "no.png" >
File: yes.png Graphic file (type QTm)
 <use  "yes.png" >
File: yes.png Graphic file (type QTm)
 <use  "yes.png" >
File: no.png Graphic file (type QTm)

<use  "no.png" >
File: no.png Graphic file (type QTm)
 <use  "no.png" >
File: no.png Graphic file (type QTm)
 <use  "no.png" >
File: no.png Graphic file (type QTm)
 <use  "no.png" >
File: yes.png Graphic file (type QTm)

<use  "yes.png" >
File: yes.png Graphic file (type QTm)
 <use  "yes.png" >
Overfull \hbox (47.32315pt too wide) in paragraph at lines 12069--12070
[][] 
 []

[206] [207] [208] [209] [210

]
Chapter 24.
[211]
Overfull \hbox (23.49976pt too wide) in paragraph at lines 12296--12296
[][] 
 []


Overfull \hbox (23.49976pt too wide) in paragraph at lines 12302--12302
[][] 
 []

[212] [213] [214]
Chapter 25.
[215

] [216] [217] [218

]
Chapter 26.
[219] [220] [221] [222] [223]
Overfull \hbox (23.49976pt too wide) in paragraph at lines 12815--12815
[][] 
 []


Overfull \hbox (23.49976pt too wide) in paragraph at lines 12827--12827
[][] 
 []

[224] [225]
Underfull \hbox (badness 10000) in paragraph at lines 12937--12939
[]\EU1/lmr/m/n/12 The naming scheme for official extensions is \EU1/lmr/m/it/12
 Flask-ExtensionName \EU1/lmr/m/n/12 or
 []

[226]
Chapter 27.
[227

] [228] [229] [230]
Chapter 28.
[231

] [232] [233] [234] [235] [236] [237] [238

]
Chapter 29.
[239] [240] [241] [242] [243]
Underfull \hbox (badness 6032) in paragraph at lines 14037--14039
[]\EU1/lmr/m/n/12 added the ability to limit the incoming request data with the
 new
 []

[244] [245] [246] [247] [248

]
Chapter 30.
[249] [250]
No file Flask.ind.
[251] (./Flask.aux)

LaTeX Font Warning: Some font shapes were not available, defaults substituted.


LaTeX Warning: There were multiply-defined labels.

 ) 
Here is how much of TeX's memory you used:
 10234 strings out of 495724
 172623 string characters out of 1189346
 312135 words of memory out of 3000000
 13065 multiletter control sequences out of 15000+50000
 28249 words of font info for 120 fonts, out of 3000000 for 9000
 29 hyphenation exceptions out of 8191
 45i,16n,49p,774b,617s stack positions out of 5000i,500n,10000p,200000b,50000s

Output written on Flask.pdf (259 pages).
