\BOOKMARK [-1][-]{part.1}{I 用户指南}{}
\BOOKMARK [0][-]{chapter.1}{前言}{part.1}
\BOOKMARK [1][-]{section.1.1}{“微”是什么意思？}{chapter.1}
\BOOKMARK [1][-]{section.1.2}{配置和惯例}{chapter.1}
\BOOKMARK [1][-]{section.1.3}{Flask 可持续发展}{chapter.1}
\BOOKMARK [0][-]{chapter.2}{针对高级程序员的前言}{part.1}
\BOOKMARK [1][-]{section.2.1}{Flask 中的本地线程对象}{chapter.2}
\BOOKMARK [1][-]{section.2.2}{做网络开发时要谨慎}{chapter.2}
\BOOKMARK [1][-]{section.2.3}{Python 3 的情况}{chapter.2}
\BOOKMARK [0][-]{chapter.3}{安装}{part.1}
\BOOKMARK [1][-]{section.3.1}{virtualenv}{chapter.3}
\BOOKMARK [1][-]{section.3.2}{系统全局安装}{chapter.3}
\BOOKMARK [1][-]{section.3.3}{生活在边缘}{chapter.3}
\BOOKMARK [1][-]{section.3.4}{在 Windows 系统中使用 pip 和 distribute}{chapter.3}
\BOOKMARK [0][-]{chapter.4}{快速上手}{part.1}
\BOOKMARK [1][-]{section.4.1}{一个最小的应用}{chapter.4}
\BOOKMARK [1][-]{section.4.2}{调试模式}{chapter.4}
\BOOKMARK [1][-]{section.4.3}{路由}{chapter.4}
\BOOKMARK [1][-]{section.4.4}{静态文件}{chapter.4}
\BOOKMARK [1][-]{section.4.5}{渲染模板}{chapter.4}
\BOOKMARK [1][-]{section.4.6}{操作请求数据}{chapter.4}
\BOOKMARK [1][-]{section.4.7}{重定向和错误}{chapter.4}
\BOOKMARK [1][-]{section.4.8}{关于响应}{chapter.4}
\BOOKMARK [1][-]{section.4.9}{会话}{chapter.4}
\BOOKMARK [1][-]{section.4.10}{消息闪现}{chapter.4}
\BOOKMARK [1][-]{section.4.11}{日志}{chapter.4}
\BOOKMARK [1][-]{section.4.12}{集成 WSGI 中间件}{chapter.4}
\BOOKMARK [1][-]{section.4.13}{部署到一个网络服务器}{chapter.4}
\BOOKMARK [0][-]{chapter.5}{教程}{part.1}
\BOOKMARK [1][-]{section.5.1}{Flaskr 介绍}{chapter.5}
\BOOKMARK [1][-]{section.5.2}{步骤 0 ：创建文件夹}{chapter.5}
\BOOKMARK [1][-]{section.5.3}{步骤 1 ：数据库模式}{chapter.5}
\BOOKMARK [1][-]{section.5.4}{步骤 2 ：应用构建代码}{chapter.5}
\BOOKMARK [1][-]{section.5.5}{步骤 3 ：创建数据库}{chapter.5}
\BOOKMARK [1][-]{section.5.6}{步骤 4 ：请求数据库连接}{chapter.5}
\BOOKMARK [1][-]{section.5.7}{步骤 5 ：视图函数}{chapter.5}
\BOOKMARK [1][-]{section.5.8}{步骤 6 ：模板}{chapter.5}
\BOOKMARK [1][-]{section.5.9}{步骤 7 ：添加样式}{chapter.5}
\BOOKMARK [1][-]{section.5.10}{额外赠送：测试应用}{chapter.5}
\BOOKMARK [0][-]{chapter.6}{模板}{part.1}
\BOOKMARK [1][-]{section.6.1}{Jinja 设置}{chapter.6}
\BOOKMARK [1][-]{section.6.2}{标准环境}{chapter.6}
\BOOKMARK [1][-]{section.6.3}{标准过滤器}{chapter.6}
\BOOKMARK [1][-]{section.6.4}{控制自动转义}{chapter.6}
\BOOKMARK [1][-]{section.6.5}{注册过滤器}{chapter.6}
\BOOKMARK [1][-]{section.6.6}{环境处理器}{chapter.6}
\BOOKMARK [0][-]{chapter.7}{测试 Flask 应用}{part.1}
\BOOKMARK [1][-]{section.7.1}{应用}{chapter.7}
\BOOKMARK [1][-]{section.7.2}{测试骨架}{chapter.7}
\BOOKMARK [1][-]{section.7.3}{第一个测试}{chapter.7}
\BOOKMARK [1][-]{section.7.4}{登录和注销}{chapter.7}
\BOOKMARK [1][-]{section.7.5}{测试增加条目功能}{chapter.7}
\BOOKMARK [1][-]{section.7.6}{其他测试技巧}{chapter.7}
\BOOKMARK [1][-]{section.7.7}{保持环境}{chapter.7}
\BOOKMARK [1][-]{section.7.8}{访问和修改会话}{chapter.7}
\BOOKMARK [0][-]{chapter.8}{掌握应用错误}{part.1}
\BOOKMARK [1][-]{section.8.1}{报错邮件}{chapter.8}
\BOOKMARK [1][-]{section.8.2}{日志文件}{chapter.8}
\BOOKMARK [1][-]{section.8.3}{控制日志格式}{chapter.8}
\BOOKMARK [1][-]{section.8.4}{其他库}{chapter.8}
\BOOKMARK [0][-]{chapter.9}{排除应用错误}{part.1}
\BOOKMARK [1][-]{section.9.1}{有疑问时，请手动运行}{chapter.9}
\BOOKMARK [1][-]{section.9.2}{使用调试器}{chapter.9}
\BOOKMARK [0][-]{chapter.10}{配置管理}{part.1}
\BOOKMARK [1][-]{section.10.1}{配置入门}{chapter.10}
\BOOKMARK [1][-]{section.10.2}{内置配置变量}{chapter.10}
\BOOKMARK [1][-]{section.10.3}{使用配置文件}{chapter.10}
\BOOKMARK [1][-]{section.10.4}{配置的最佳实践}{chapter.10}
\BOOKMARK [1][-]{section.10.5}{开发/生产}{chapter.10}
\BOOKMARK [1][-]{section.10.6}{实例文件夹}{chapter.10}
\BOOKMARK [0][-]{chapter.11}{信号}{part.1}
\BOOKMARK [1][-]{section.11.1}{订阅信号}{chapter.11}
\BOOKMARK [1][-]{section.11.2}{创建信号}{chapter.11}
\BOOKMARK [1][-]{section.11.3}{发送信号}{chapter.11}
\BOOKMARK [1][-]{section.11.4}{信号与 Flask 的请求环境}{chapter.11}
\BOOKMARK [1][-]{section.11.5}{信号订阅装饰器}{chapter.11}
\BOOKMARK [1][-]{section.11.6}{核心信号}{chapter.11}
\BOOKMARK [0][-]{chapter.12}{可插拨视图}{part.1}
\BOOKMARK [1][-]{section.12.1}{基本原理}{chapter.12}
\BOOKMARK [1][-]{section.12.2}{方法提示}{chapter.12}
\BOOKMARK [1][-]{section.12.3}{基于方法调度}{chapter.12}
\BOOKMARK [1][-]{section.12.4}{装饰视图}{chapter.12}
\BOOKMARK [1][-]{section.12.5}{用于 API 的方法视图}{chapter.12}
\BOOKMARK [0][-]{chapter.13}{应用环境}{part.1}
\BOOKMARK [1][-]{section.13.1}{应用环境的作用}{chapter.13}
\BOOKMARK [1][-]{section.13.2}{创建一个应用环境}{chapter.13}
\BOOKMARK [1][-]{section.13.3}{环境的作用域}{chapter.13}
\BOOKMARK [0][-]{chapter.14}{请求环境}{part.1}
\BOOKMARK [1][-]{section.14.1}{深入本地环境}{chapter.14}
\BOOKMARK [1][-]{section.14.2}{环境的工作原理}{chapter.14}
\BOOKMARK [1][-]{section.14.3}{回调和错误处理}{chapter.14}
\BOOKMARK [1][-]{section.14.4}{卸载回调函数}{chapter.14}
\BOOKMARK [1][-]{section.14.5}{关于代理}{chapter.14}
\BOOKMARK [1][-]{section.14.6}{出错时的环境保存}{chapter.14}
\BOOKMARK [0][-]{chapter.15}{使用蓝图的模块化应用}{part.1}
\BOOKMARK [1][-]{section.15.1}{为什么使用蓝图？}{chapter.15}
\BOOKMARK [1][-]{section.15.2}{蓝图的概念}{chapter.15}
\BOOKMARK [1][-]{section.15.3}{第一个蓝图}{chapter.15}
\BOOKMARK [1][-]{section.15.4}{注册蓝图}{chapter.15}
\BOOKMARK [1][-]{section.15.5}{蓝图资源}{chapter.15}
\BOOKMARK [1][-]{section.15.6}{创建 URL}{chapter.15}
\BOOKMARK [0][-]{chapter.16}{Flask 扩展}{part.1}
\BOOKMARK [1][-]{section.16.1}{查找扩展}{chapter.16}
\BOOKMARK [1][-]{section.16.2}{使用扩展}{chapter.16}
\BOOKMARK [1][-]{section.16.3}{Flask 0.8 以前的版本}{chapter.16}
\BOOKMARK [0][-]{chapter.17}{在 Shell 中使用 Flask}{part.1}
\BOOKMARK [1][-]{section.17.1}{创建一个请求环境}{chapter.17}
\BOOKMARK [1][-]{section.17.2}{发送请求前/后动作}{chapter.17}
\BOOKMARK [1][-]{section.17.3}{在 Shell 中玩得更爽}{chapter.17}
\BOOKMARK [0][-]{chapter.18}{Flask 方案}{part.1}
\BOOKMARK [1][-]{section.18.1}{大型应用}{chapter.18}
\BOOKMARK [1][-]{section.18.2}{应用工厂}{chapter.18}
\BOOKMARK [1][-]{section.18.3}{应用调度}{chapter.18}
\BOOKMARK [1][-]{section.18.4}{URL 处理器}{chapter.18}
\BOOKMARK [1][-]{section.18.5}{使用 Distribute 部署}{chapter.18}
\BOOKMARK [1][-]{section.18.6}{使用 Fabric 部署}{chapter.18}
\BOOKMARK [1][-]{section.18.7}{在 Flask 中使用 SQLite 3}{chapter.18}
\BOOKMARK [1][-]{section.18.8}{在 Flask 中使用 SQLAlchemy}{chapter.18}
\BOOKMARK [1][-]{section.18.9}{上传文件}{chapter.18}
\BOOKMARK [1][-]{section.18.10}{缓存}{chapter.18}
\BOOKMARK [1][-]{section.18.11}{视图装饰器}{chapter.18}
\BOOKMARK [1][-]{section.18.12}{使用 WTForms 进行表单验证}{chapter.18}
\BOOKMARK [1][-]{section.18.13}{模板继承}{chapter.18}
\BOOKMARK [1][-]{section.18.14}{消息闪现}{chapter.18}
\BOOKMARK [1][-]{section.18.15}{通过 jQuery 使用 AJAX}{chapter.18}
\BOOKMARK [1][-]{section.18.16}{自定义出错页面}{chapter.18}
\BOOKMARK [1][-]{section.18.17}{惰性载入视图}{chapter.18}
\BOOKMARK [1][-]{section.18.18}{在 Flask 中使用 MongoKit}{chapter.18}
\BOOKMARK [1][-]{section.18.19}{添加一个页面图标}{chapter.18}
\BOOKMARK [1][-]{section.18.20}{流内容}{chapter.18}
\BOOKMARK [1][-]{section.18.21}{延迟的请求回调}{chapter.18}
\BOOKMARK [0][-]{chapter.19}{部署方式}{part.1}
\BOOKMARK [1][-]{section.19.1}{mod\137wsgi \(Apache\)}{chapter.19}
\BOOKMARK [1][-]{section.19.2}{独立 WSGI 容器}{chapter.19}
\BOOKMARK [1][-]{section.19.3}{uWSGI}{chapter.19}
\BOOKMARK [1][-]{section.19.4}{FastCGI}{chapter.19}
\BOOKMARK [1][-]{section.19.5}{CGI}{chapter.19}
\BOOKMARK [0][-]{chapter.20}{大型应用}{part.1}
\BOOKMARK [1][-]{section.20.1}{阅读源代码}{chapter.20}
\BOOKMARK [1][-]{section.20.2}{挂接，扩展}{chapter.20}
\BOOKMARK [1][-]{section.20.3}{继承}{chapter.20}
\BOOKMARK [1][-]{section.20.4}{用中间件包装}{chapter.20}
\BOOKMARK [1][-]{section.20.5}{派生}{chapter.20}
\BOOKMARK [1][-]{section.20.6}{专家级的伸缩性}{chapter.20}
\BOOKMARK [1][-]{section.20.7}{与社区沟通}{chapter.20}
\BOOKMARK [-1][-]{part.2}{II API 参考}{}
\BOOKMARK [0][-]{chapter.21}{API}{part.2}
\BOOKMARK [1][-]{section.21.1}{应用对象}{chapter.21}
\BOOKMARK [1][-]{section.21.2}{蓝图对象}{chapter.21}
\BOOKMARK [1][-]{section.21.3}{进来的请求数据}{chapter.21}
\BOOKMARK [1][-]{section.21.4}{响应对象}{chapter.21}
\BOOKMARK [1][-]{section.21.5}{会话}{chapter.21}
\BOOKMARK [1][-]{section.21.6}{会话接口}{chapter.21}
\BOOKMARK [1][-]{section.21.7}{测试客户端}{chapter.21}
\BOOKMARK [1][-]{section.21.8}{应用全局变量}{chapter.21}
\BOOKMARK [1][-]{section.21.9}{有用的函数和类}{chapter.21}
\BOOKMARK [1][-]{section.21.10}{消息闪现}{chapter.21}
\BOOKMARK [1][-]{section.21.11}{返回 JSON}{chapter.21}
\BOOKMARK [1][-]{section.21.12}{模板渲染}{chapter.21}
\BOOKMARK [1][-]{section.21.13}{配置}{chapter.21}
\BOOKMARK [1][-]{section.21.14}{扩展}{chapter.21}
\BOOKMARK [1][-]{section.21.15}{Stream Helpers}{chapter.21}
\BOOKMARK [1][-]{section.21.16}{Useful Internals}{chapter.21}
\BOOKMARK [1][-]{section.21.17}{信号}{chapter.21}
\BOOKMARK [1][-]{section.21.18}{基于类的视图}{chapter.21}
\BOOKMARK [1][-]{section.21.19}{URL 路由注册}{chapter.21}
\BOOKMARK [1][-]{section.21.20}{视图函数选项}{chapter.21}
\BOOKMARK [-1][-]{part.3}{III 其他材料}{}
\BOOKMARK [0][-]{chapter.22}{Design Decisions in Flask}{part.3}
\BOOKMARK [1][-]{section.22.1}{The Explicit Application Object}{chapter.22}
\BOOKMARK [1][-]{section.22.2}{The Routing System}{chapter.22}
\BOOKMARK [1][-]{section.22.3}{One Template Engine}{chapter.22}
\BOOKMARK [1][-]{section.22.4}{Micro with Dependencies}{chapter.22}
\BOOKMARK [1][-]{section.22.5}{Thread Locals}{chapter.22}
\BOOKMARK [1][-]{section.22.6}{What Flask is, What Flask is Not}{chapter.22}
\BOOKMARK [0][-]{chapter.23}{HTML/XHTML FAQ}{part.3}
\BOOKMARK [1][-]{section.23.1}{History of XHTML}{chapter.23}
\BOOKMARK [1][-]{section.23.2}{History of HTML5}{chapter.23}
\BOOKMARK [1][-]{section.23.3}{HTML versus XHTML}{chapter.23}
\BOOKMARK [1][-]{section.23.4}{What does ``strict'' mean?}{chapter.23}
\BOOKMARK [1][-]{section.23.5}{New technologies in HTML5}{chapter.23}
\BOOKMARK [1][-]{section.23.6}{What should be used?}{chapter.23}
\BOOKMARK [0][-]{chapter.24}{Security Considerations}{part.3}
\BOOKMARK [1][-]{section.24.1}{Cross-Site Scripting \(XSS\)}{chapter.24}
\BOOKMARK [1][-]{section.24.2}{Cross-Site Request Forgery \(CSRF\)}{chapter.24}
\BOOKMARK [1][-]{section.24.3}{JSON Security}{chapter.24}
\BOOKMARK [0][-]{chapter.25}{Unicode in Flask}{part.3}
\BOOKMARK [1][-]{section.25.1}{Automatic Conversion}{chapter.25}
\BOOKMARK [1][-]{section.25.2}{The Golden Rule}{chapter.25}
\BOOKMARK [1][-]{section.25.3}{Encoding and Decoding Yourself}{chapter.25}
\BOOKMARK [1][-]{section.25.4}{Configuring Editors}{chapter.25}
\BOOKMARK [0][-]{chapter.26}{Flask Extension Development}{part.3}
\BOOKMARK [1][-]{section.26.1}{Anatomy of an Extension}{chapter.26}
\BOOKMARK [1][-]{section.26.2}{``Hello Flaskext!''}{chapter.26}
\BOOKMARK [1][-]{section.26.3}{Initializing Extensions}{chapter.26}
\BOOKMARK [1][-]{section.26.4}{The Extension Code}{chapter.26}
\BOOKMARK [1][-]{section.26.5}{Using \137app\137ctx\137stack}{chapter.26}
\BOOKMARK [1][-]{section.26.6}{Teardown Behavior}{chapter.26}
\BOOKMARK [1][-]{section.26.7}{Learn from Others}{chapter.26}
\BOOKMARK [1][-]{section.26.8}{Approved Extensions}{chapter.26}
\BOOKMARK [1][-]{section.26.9}{Extension Import Transition}{chapter.26}
\BOOKMARK [0][-]{chapter.27}{Pocoo Styleguide}{part.3}
\BOOKMARK [1][-]{section.27.1}{General Layout}{chapter.27}
\BOOKMARK [1][-]{section.27.2}{Expressions and Statements}{chapter.27}
\BOOKMARK [1][-]{section.27.3}{Naming Conventions}{chapter.27}
\BOOKMARK [1][-]{section.27.4}{Docstrings}{chapter.27}
\BOOKMARK [1][-]{section.27.5}{Comments}{chapter.27}
\BOOKMARK [0][-]{chapter.28}{Upgrading to Newer Releases}{part.3}
\BOOKMARK [1][-]{section.28.1}{Version 0.9}{chapter.28}
\BOOKMARK [1][-]{section.28.2}{Version 0.8}{chapter.28}
\BOOKMARK [1][-]{section.28.3}{Version 0.7}{chapter.28}
\BOOKMARK [1][-]{section.28.4}{Version 0.6}{chapter.28}
\BOOKMARK [1][-]{section.28.5}{Version 0.5}{chapter.28}
\BOOKMARK [1][-]{section.28.6}{Version 0.4}{chapter.28}
\BOOKMARK [1][-]{section.28.7}{Version 0.3}{chapter.28}
\BOOKMARK [0][-]{chapter.29}{Flask Changelog}{part.3}
\BOOKMARK [1][-]{section.29.1}{Version 0.9}{chapter.29}
\BOOKMARK [1][-]{section.29.2}{Version 0.8.1}{chapter.29}
\BOOKMARK [1][-]{section.29.3}{Version 0.8}{chapter.29}
\BOOKMARK [1][-]{section.29.4}{Version 0.7.3}{chapter.29}
\BOOKMARK [1][-]{section.29.5}{Version 0.7.2}{chapter.29}
\BOOKMARK [1][-]{section.29.6}{Version 0.7.1}{chapter.29}
\BOOKMARK [1][-]{section.29.7}{Version 0.7}{chapter.29}
\BOOKMARK [1][-]{section.29.8}{Version 0.6.1}{chapter.29}
\BOOKMARK [1][-]{section.29.9}{Version 0.6}{chapter.29}
\BOOKMARK [1][-]{section.29.10}{Version 0.5.2}{chapter.29}
\BOOKMARK [1][-]{section.29.11}{Version 0.5.1}{chapter.29}
\BOOKMARK [1][-]{section.29.12}{Version 0.5}{chapter.29}
\BOOKMARK [1][-]{section.29.13}{Version 0.4}{chapter.29}
\BOOKMARK [1][-]{section.29.14}{Version 0.3.1}{chapter.29}
\BOOKMARK [1][-]{section.29.15}{Version 0.3}{chapter.29}
\BOOKMARK [1][-]{section.29.16}{Version 0.2}{chapter.29}
\BOOKMARK [1][-]{section.29.17}{Version 0.1}{chapter.29}
\BOOKMARK [0][-]{chapter.30}{License}{part.3}
\BOOKMARK [1][-]{section.30.1}{Authors}{chapter.30}
\BOOKMARK [1][-]{section.30.2}{General License Definitions}{chapter.30}
\BOOKMARK [1][-]{section.30.3}{Flask License}{chapter.30}
\BOOKMARK [1][-]{section.30.4}{Flask Artwork License}{chapter.30}
